{"C:\\Users\\Patrick\\CodeProjects\\SnugStoryAI\\server\\IslandTemplateServer.js": {"path":"C:\\Users\\Patrick\\CodeProjects\\SnugStoryAI\\server\\IslandTemplateServer.js","statementMap":{"0":{"start":{"line":1,"column":23},"end":{"line":1689,"column":1}},"1":{"start":{"line":58,"column":4},"end":{"line":66,"column":6}},"2":{"start":{"line":1691,"column":0},"end":{"line":1691,"column":32}}},"fnMap":{"0":{"name":"(anonymous_0)","decl":{"start":{"line":57,"column":21},"end":{"line":57,"column":22}},"loc":{"start":{"line":57,"column":30},"end":{"line":67,"column":3}},"line":57},"1":{"name":"(anonymous_1)","decl":{"start":{"line":264,"column":44},"end":{"line":264,"column":45}},"loc":{"start":{"line":264,"column":50},"end":{"line":264,"column":52}},"line":264}},"branchMap":{"0":{"loc":{"start":{"line":64,"column":12},"end":{"line":64,"column":80}},"type":"cond-expr","locations":[{"start":{"line":64,"column":39},"end":{"line":64,"column":75}},{"start":{"line":64,"column":78},"end":{"line":64,"column":80}}],"line":64},"1":{"loc":{"start":{"line":65,"column":28},"end":{"line":65,"column":69}},"type":"binary-expr","locations":[{"start":{"line":65,"column":28},"end":{"line":65,"column":57}},{"start":{"line":65,"column":61},"end":{"line":65,"column":69}}],"line":65}},"s":{"0":1,"1":0,"2":1},"f":{"0":0,"1":0},"b":{"0":[0,0],"1":[0,0]},"_coverageSchema":"1a1c01bbd47fc00a2c39e90264f33305004495a9","hash":"471a3bd064f26be75e1180fb4effb3323a6ef64b"}
,"C:\\Users\\Patrick\\CodeProjects\\SnugStoryAI\\server\\controllers\\ConversationManager.js": {"path":"C:\\Users\\Patrick\\CodeProjects\\SnugStoryAI\\server\\controllers\\ConversationManager.js","statementMap":{"0":{"start":{"line":3,"column":4},"end":{"line":3,"column":34}},"1":{"start":{"line":4,"column":4},"end":{"line":4,"column":56}},"2":{"start":{"line":5,"column":4},"end":{"line":5,"column":36}},"3":{"start":{"line":9,"column":27},"end":{"line":9,"column":58}},"4":{"start":{"line":10,"column":28},"end":{"line":15,"column":5}},"5":{"start":{"line":16,"column":4},"end":{"line":16,"column":51}},"6":{"start":{"line":17,"column":4},"end":{"line":17,"column":78}},"7":{"start":{"line":19,"column":4},"end":{"line":19,"column":26}},"8":{"start":{"line":23,"column":4},"end":{"line":23,"column":36}},"9":{"start":{"line":27,"column":4},"end":{"line":27,"column":75}},"10":{"start":{"line":31,"column":25},"end":{"line":31,"column":68}},"11":{"start":{"line":32,"column":4},"end":{"line":37,"column":5}},"12":{"start":{"line":33,"column":6},"end":{"line":36,"column":9}},"13":{"start":{"line":41,"column":19},"end":{"line":41,"column":35}},"14":{"start":{"line":42,"column":34},"end":{"line":49,"column":6}},"15":{"start":{"line":43,"column":27},"end":{"line":43,"column":87}},"16":{"start":{"line":44,"column":6},"end":{"line":48,"column":7}},"17":{"start":{"line":45,"column":8},"end":{"line":45,"column":97}},"18":{"start":{"line":45,"column":80},"end":{"line":45,"column":95}},"19":{"start":{"line":47,"column":8},"end":{"line":47,"column":57}},"20":{"start":{"line":47,"column":40},"end":{"line":47,"column":55}},"21":{"start":{"line":51,"column":4},"end":{"line":57,"column":10}},"22":{"start":{"line":52,"column":22},"end":{"line":52,"column":53}},"23":{"start":{"line":54,"column":28},"end":{"line":57,"column":7}},"24":{"start":{"line":61,"column":4},"end":{"line":63,"column":5}},"25":{"start":{"line":62,"column":6},"end":{"line":62,"column":45}},"26":{"start":{"line":64,"column":4},"end":{"line":64,"column":16}},"27":{"start":{"line":68,"column":19},"end":{"line":68,"column":35}},"28":{"start":{"line":69,"column":4},"end":{"line":75,"column":11}},"29":{"start":{"line":70,"column":27},"end":{"line":70,"column":87}},"30":{"start":{"line":71,"column":6},"end":{"line":73,"column":7}},"31":{"start":{"line":71,"column":35},"end":{"line":71,"column":50}},"32":{"start":{"line":72,"column":8},"end":{"line":72,"column":28}},"33":{"start":{"line":74,"column":6},"end":{"line":74,"column":21}},"34":{"start":{"line":79,"column":18},"end":{"line":79,"column":82}},"35":{"start":{"line":79,"column":58},"end":{"line":79,"column":81}},"36":{"start":{"line":80,"column":4},"end":{"line":84,"column":5}},"37":{"start":{"line":81,"column":6},"end":{"line":81,"column":48}},"38":{"start":{"line":82,"column":6},"end":{"line":82,"column":69}},"39":{"start":{"line":83,"column":6},"end":{"line":83,"column":18}},"40":{"start":{"line":85,"column":4},"end":{"line":85,"column":17}},"41":{"start":{"line":89,"column":23},"end":{"line":89,"column":66}},"42":{"start":{"line":89,"column":49},"end":{"line":89,"column":64}},"43":{"start":{"line":90,"column":4},"end":{"line":94,"column":6}},"44":{"start":{"line":91,"column":6},"end":{"line":93,"column":7}},"45":{"start":{"line":92,"column":8},"end":{"line":92,"column":80}},"46":{"start":{"line":92,"column":59},"end":{"line":92,"column":79}},"47":{"start":{"line":98,"column":25},"end":{"line":98,"column":68}},"48":{"start":{"line":99,"column":4},"end":{"line":99,"column":33}},"49":{"start":{"line":99,"column":23},"end":{"line":99,"column":33}},"50":{"start":{"line":101,"column":23},"end":{"line":101,"column":44}},"51":{"start":{"line":102,"column":21},"end":{"line":102,"column":42}},"52":{"start":{"line":103,"column":4},"end":{"line":106,"column":35}},"53":{"start":{"line":110,"column":25},"end":{"line":110,"column":84}},"54":{"start":{"line":111,"column":4},"end":{"line":111,"column":50}},"55":{"start":{"line":115,"column":0},"end":{"line":115,"column":37}}},"fnMap":{"0":{"name":"(anonymous_0)","decl":{"start":{"line":2,"column":2},"end":{"line":2,"column":3}},"loc":{"start":{"line":2,"column":16},"end":{"line":6,"column":3}},"line":2},"1":{"name":"(anonymous_1)","decl":{"start":{"line":8,"column":2},"end":{"line":8,"column":3}},"loc":{"start":{"line":8,"column":46},"end":{"line":20,"column":3}},"line":8},"2":{"name":"(anonymous_2)","decl":{"start":{"line":22,"column":2},"end":{"line":22,"column":3}},"loc":{"start":{"line":22,"column":27},"end":{"line":24,"column":3}},"line":22},"3":{"name":"(anonymous_3)","decl":{"start":{"line":26,"column":2},"end":{"line":26,"column":3}},"loc":{"start":{"line":26,"column":41},"end":{"line":28,"column":3}},"line":26},"4":{"name":"(anonymous_4)","decl":{"start":{"line":30,"column":2},"end":{"line":30,"column":3}},"loc":{"start":{"line":30,"column":52},"end":{"line":38,"column":3}},"line":30},"5":{"name":"(anonymous_5)","decl":{"start":{"line":40,"column":2},"end":{"line":40,"column":3}},"loc":{"start":{"line":40,"column":106},"end":{"line":58,"column":3}},"line":40},"6":{"name":"(anonymous_6)","decl":{"start":{"line":42,"column":66},"end":{"line":42,"column":67}},"loc":{"start":{"line":42,"column":82},"end":{"line":49,"column":5}},"line":42},"7":{"name":"(anonymous_7)","decl":{"start":{"line":45,"column":73},"end":{"line":45,"column":74}},"loc":{"start":{"line":45,"column":80},"end":{"line":45,"column":95}},"line":45},"8":{"name":"(anonymous_8)","decl":{"start":{"line":47,"column":33},"end":{"line":47,"column":34}},"loc":{"start":{"line":47,"column":40},"end":{"line":47,"column":55}},"line":47},"9":{"name":"(anonymous_9)","decl":{"start":{"line":52,"column":12},"end":{"line":52,"column":13}},"loc":{"start":{"line":52,"column":22},"end":{"line":52,"column":53}},"line":52},"10":{"name":"(anonymous_10)","decl":{"start":{"line":54,"column":11},"end":{"line":54,"column":12}},"loc":{"start":{"line":54,"column":28},"end":{"line":57,"column":7}},"line":54},"11":{"name":"(anonymous_11)","decl":{"start":{"line":60,"column":2},"end":{"line":60,"column":3}},"loc":{"start":{"line":60,"column":32},"end":{"line":65,"column":3}},"line":60},"12":{"name":"(anonymous_12)","decl":{"start":{"line":67,"column":2},"end":{"line":67,"column":3}},"loc":{"start":{"line":67,"column":43},"end":{"line":76,"column":3}},"line":67},"13":{"name":"(anonymous_13)","decl":{"start":{"line":69,"column":43},"end":{"line":69,"column":44}},"loc":{"start":{"line":69,"column":77},"end":{"line":75,"column":5}},"line":69},"14":{"name":"(anonymous_14)","decl":{"start":{"line":71,"column":28},"end":{"line":71,"column":29}},"loc":{"start":{"line":71,"column":35},"end":{"line":71,"column":50}},"line":71},"15":{"name":"(anonymous_15)","decl":{"start":{"line":78,"column":2},"end":{"line":78,"column":3}},"loc":{"start":{"line":78,"column":37},"end":{"line":86,"column":3}},"line":78},"16":{"name":"(anonymous_16)","decl":{"start":{"line":79,"column":53},"end":{"line":79,"column":54}},"loc":{"start":{"line":79,"column":58},"end":{"line":79,"column":81}},"line":79},"17":{"name":"(anonymous_17)","decl":{"start":{"line":88,"column":2},"end":{"line":88,"column":3}},"loc":{"start":{"line":88,"column":42},"end":{"line":95,"column":3}},"line":88},"18":{"name":"(anonymous_18)","decl":{"start":{"line":89,"column":44},"end":{"line":89,"column":45}},"loc":{"start":{"line":89,"column":49},"end":{"line":89,"column":64}},"line":89},"19":{"name":"(anonymous_19)","decl":{"start":{"line":90,"column":43},"end":{"line":90,"column":44}},"loc":{"start":{"line":91,"column":6},"end":{"line":93,"column":7}},"line":91},"20":{"name":"(anonymous_20)","decl":{"start":{"line":91,"column":33},"end":{"line":91,"column":34}},"loc":{"start":{"line":92,"column":8},"end":{"line":92,"column":80}},"line":92},"21":{"name":"(anonymous_21)","decl":{"start":{"line":92,"column":51},"end":{"line":92,"column":52}},"loc":{"start":{"line":92,"column":59},"end":{"line":92,"column":79}},"line":92},"22":{"name":"(anonymous_22)","decl":{"start":{"line":97,"column":2},"end":{"line":97,"column":3}},"loc":{"start":{"line":97,"column":67},"end":{"line":107,"column":3}},"line":97},"23":{"name":"(anonymous_23)","decl":{"start":{"line":109,"column":2},"end":{"line":109,"column":3}},"loc":{"start":{"line":109,"column":38},"end":{"line":112,"column":3}},"line":109}},"branchMap":{"0":{"loc":{"start":{"line":14,"column":16},"end":{"line":14,"column":43}},"type":"binary-expr","locations":[{"start":{"line":14,"column":16},"end":{"line":14,"column":37}},{"start":{"line":14,"column":41},"end":{"line":14,"column":43}}],"line":14},"1":{"loc":{"start":{"line":32,"column":4},"end":{"line":37,"column":5}},"type":"if","locations":[{"start":{"line":32,"column":4},"end":{"line":37,"column":5}},{"start":{},"end":{}}],"line":32},"2":{"loc":{"start":{"line":40,"column":32},"end":{"line":40,"column":59}},"type":"default-arg","locations":[{"start":{"line":40,"column":51},"end":{"line":40,"column":59}}],"line":40},"3":{"loc":{"start":{"line":40,"column":61},"end":{"line":40,"column":78}},"type":"default-arg","locations":[{"start":{"line":40,"column":73},"end":{"line":40,"column":78}}],"line":40},"4":{"loc":{"start":{"line":40,"column":80},"end":{"line":40,"column":104}},"type":"default-arg","locations":[{"start":{"line":40,"column":102},"end":{"line":40,"column":104}}],"line":40},"5":{"loc":{"start":{"line":44,"column":6},"end":{"line":48,"column":7}},"type":"if","locations":[{"start":{"line":44,"column":6},"end":{"line":48,"column":7}},{"start":{"line":46,"column":13},"end":{"line":48,"column":7}}],"line":44},"6":{"loc":{"start":{"line":45,"column":15},"end":{"line":45,"column":96}},"type":"binary-expr","locations":[{"start":{"line":45,"column":15},"end":{"line":45,"column":50}},{"start":{"line":45,"column":54},"end":{"line":45,"column":96}}],"line":45},"7":{"loc":{"start":{"line":61,"column":4},"end":{"line":63,"column":5}},"type":"if","locations":[{"start":{"line":61,"column":4},"end":{"line":63,"column":5}},{"start":{},"end":{}}],"line":61},"8":{"loc":{"start":{"line":61,"column":8},"end":{"line":61,"column":61}},"type":"binary-expr","locations":[{"start":{"line":61,"column":8},"end":{"line":61,"column":18}},{"start":{"line":61,"column":22},"end":{"line":61,"column":61}}],"line":61},"9":{"loc":{"start":{"line":71,"column":6},"end":{"line":73,"column":7}},"type":"if","locations":[{"start":{"line":71,"column":6},"end":{"line":73,"column":7}},{"start":{},"end":{}}],"line":71},"10":{"loc":{"start":{"line":80,"column":4},"end":{"line":84,"column":5}},"type":"if","locations":[{"start":{"line":80,"column":4},"end":{"line":84,"column":5}},{"start":{},"end":{}}],"line":80},"11":{"loc":{"start":{"line":97,"column":42},"end":{"line":97,"column":50}},"type":"default-arg","locations":[{"start":{"line":97,"column":49},"end":{"line":97,"column":50}}],"line":97},"12":{"loc":{"start":{"line":97,"column":52},"end":{"line":97,"column":65}},"type":"default-arg","locations":[{"start":{"line":97,"column":63},"end":{"line":97,"column":65}}],"line":97},"13":{"loc":{"start":{"line":99,"column":4},"end":{"line":99,"column":33}},"type":"if","locations":[{"start":{"line":99,"column":4},"end":{"line":99,"column":33}},{"start":{},"end":{}}],"line":99},"14":{"loc":{"start":{"line":111,"column":11},"end":{"line":111,"column":49}},"type":"cond-expr","locations":[{"start":{"line":111,"column":26},"end":{"line":111,"column":45}},{"start":{"line":111,"column":48},"end":{"line":111,"column":49}}],"line":111}},"s":{"0":11,"1":11,"2":11,"3":11,"4":11,"5":11,"6":11,"7":11,"8":2,"9":1,"10":27,"11":27,"12":27,"13":1,"14":1,"15":3,"16":3,"17":0,"18":0,"19":3,"20":4,"21":1,"22":1,"23":2,"24":30,"25":30,"26":0,"27":0,"28":0,"29":0,"30":0,"31":0,"32":0,"33":0,"34":1,"35":1,"36":1,"37":1,"38":1,"39":1,"40":0,"41":1,"42":1,"43":1,"44":2,"45":3,"46":9,"47":1,"48":1,"49":0,"50":1,"51":1,"52":1,"53":1,"54":1,"55":2},"f":{"0":11,"1":11,"2":2,"3":1,"4":27,"5":1,"6":3,"7":0,"8":4,"9":1,"10":2,"11":30,"12":0,"13":0,"14":0,"15":1,"16":1,"17":1,"18":1,"19":2,"20":3,"21":9,"22":1,"23":1},"b":{"0":[11,9],"1":[27,0],"2":[1],"3":[1],"4":[1],"5":[0,3],"6":[0,0],"7":[30,0],"8":[30,30],"9":[0,0],"10":[1,0],"11":[0],"12":[0],"13":[0,1],"14":[1,0]},"_coverageSchema":"1a1c01bbd47fc00a2c39e90264f33305004495a9","hash":"56567e4bcbb9742c48dc4c75a47f1b6a10a95743"}
,"C:\\Users\\Patrick\\CodeProjects\\SnugStoryAI\\server\\controllers\\WorldActionLog.js": {"path":"C:\\Users\\Patrick\\CodeProjects\\SnugStoryAI\\server\\controllers\\WorldActionLog.js","statementMap":{"0":{"start":{"line":3,"column":4},"end":{"line":3,"column":18}},"1":{"start":{"line":7,"column":4},"end":{"line":7,"column":20}},"2":{"start":{"line":11,"column":4},"end":{"line":11,"column":31}},"3":{"start":{"line":12,"column":4},"end":{"line":12,"column":29}},"4":{"start":{"line":17,"column":26},"end":{"line":17,"column":66}},"5":{"start":{"line":18,"column":4},"end":{"line":18,"column":31}},"6":{"start":{"line":19,"column":18},"end":{"line":19,"column":56}},"7":{"start":{"line":23,"column":0},"end":{"line":23,"column":32}}},"fnMap":{"0":{"name":"(anonymous_0)","decl":{"start":{"line":2,"column":2},"end":{"line":2,"column":3}},"loc":{"start":{"line":2,"column":16},"end":{"line":4,"column":3}},"line":2},"1":{"name":"(anonymous_1)","decl":{"start":{"line":6,"column":2},"end":{"line":6,"column":3}},"loc":{"start":{"line":6,"column":11},"end":{"line":8,"column":3}},"line":6},"2":{"name":"(anonymous_2)","decl":{"start":{"line":10,"column":2},"end":{"line":10,"column":3}},"loc":{"start":{"line":10,"column":26},"end":{"line":13,"column":3}},"line":10},"3":{"name":"(anonymous_3)","decl":{"start":{"line":16,"column":2},"end":{"line":16,"column":3}},"loc":{"start":{"line":16,"column":39},"end":{"line":20,"column":3}},"line":16}},"branchMap":{},"s":{"0":5,"1":1,"2":3,"3":3,"4":1,"5":1,"6":1,"7":2},"f":{"0":5,"1":1,"2":3,"3":1},"b":{},"_coverageSchema":"1a1c01bbd47fc00a2c39e90264f33305004495a9","hash":"6fb382cc49a3b6c1b351929a442f1ba91fec251c"}
,"C:\\Users\\Patrick\\CodeProjects\\SnugStoryAI\\server\\controllers\\sockets\\SocketManager.js": {"path":"C:\\Users\\Patrick\\CodeProjects\\SnugStoryAI\\server\\controllers\\sockets\\SocketManager.js","statementMap":{"0":{"start":{"line":1,"column":15},"end":{"line":1,"column":37}},"1":{"start":{"line":2,"column":23},"end":{"line":2,"column":60}},"2":{"start":{"line":3,"column":28},"end":{"line":3,"column":56}},"3":{"start":{"line":4,"column":28},"end":{"line":4,"column":61}},"4":{"start":{"line":8,"column":4},"end":{"line":8,"column":17}},"5":{"start":{"line":9,"column":4},"end":{"line":9,"column":33}},"6":{"start":{"line":10,"column":4},"end":{"line":10,"column":31}},"7":{"start":{"line":11,"column":4},"end":{"line":11,"column":32}},"8":{"start":{"line":12,"column":4},"end":{"line":12,"column":38}},"9":{"start":{"line":13,"column":4},"end":{"line":13,"column":34}},"10":{"start":{"line":14,"column":4},"end":{"line":14,"column":25}},"11":{"start":{"line":15,"column":4},"end":{"line":15,"column":52}},"12":{"start":{"line":16,"column":4},"end":{"line":30,"column":6}},"13":{"start":{"line":31,"column":4},"end":{"line":31,"column":57}},"14":{"start":{"line":35,"column":4},"end":{"line":35,"column":23}},"15":{"start":{"line":36,"column":4},"end":{"line":39,"column":7}},"16":{"start":{"line":37,"column":6},"end":{"line":37,"column":49}},"17":{"start":{"line":38,"column":6},"end":{"line":38,"column":36}},"18":{"start":{"line":43,"column":4},"end":{"line":43,"column":35}},"19":{"start":{"line":44,"column":4},"end":{"line":48,"column":6}},"20":{"start":{"line":52,"column":4},"end":{"line":54,"column":6}},"21":{"start":{"line":53,"column":6},"end":{"line":53,"column":43}},"22":{"start":{"line":55,"column":4},"end":{"line":57,"column":6}},"23":{"start":{"line":56,"column":6},"end":{"line":56,"column":46}},"24":{"start":{"line":59,"column":4},"end":{"line":59,"column":78}},"25":{"start":{"line":59,"column":43},"end":{"line":59,"column":76}},"26":{"start":{"line":60,"column":4},"end":{"line":62,"column":6}},"27":{"start":{"line":61,"column":6},"end":{"line":61,"column":43}},"28":{"start":{"line":63,"column":4},"end":{"line":66,"column":7}},"29":{"start":{"line":64,"column":14},"end":{"line":64,"column":54}},"30":{"start":{"line":65,"column":6},"end":{"line":65,"column":45}},"31":{"start":{"line":68,"column":4},"end":{"line":70,"column":6}},"32":{"start":{"line":69,"column":6},"end":{"line":69,"column":42}},"33":{"start":{"line":71,"column":4},"end":{"line":73,"column":6}},"34":{"start":{"line":72,"column":6},"end":{"line":72,"column":40}},"35":{"start":{"line":74,"column":4},"end":{"line":74,"column":68}},"36":{"start":{"line":74,"column":36},"end":{"line":74,"column":66}},"37":{"start":{"line":75,"column":4},"end":{"line":77,"column":6}},"38":{"start":{"line":76,"column":6},"end":{"line":76,"column":43}},"39":{"start":{"line":80,"column":4},"end":{"line":83,"column":5}},"40":{"start":{"line":81,"column":6},"end":{"line":81,"column":61}},"41":{"start":{"line":82,"column":6},"end":{"line":82,"column":61}},"42":{"start":{"line":90,"column":4},"end":{"line":90,"column":43}},"43":{"start":{"line":94,"column":4},"end":{"line":94,"column":36}},"44":{"start":{"line":98,"column":4},"end":{"line":98,"column":46}},"45":{"start":{"line":99,"column":4},"end":{"line":99,"column":72}},"46":{"start":{"line":103,"column":4},"end":{"line":103,"column":48}},"47":{"start":{"line":104,"column":4},"end":{"line":104,"column":49}},"48":{"start":{"line":108,"column":22},"end":{"line":115,"column":5}},"49":{"start":{"line":113,"column":8},"end":{"line":113,"column":25}},"50":{"start":{"line":116,"column":23},"end":{"line":123,"column":5}},"51":{"start":{"line":121,"column":8},"end":{"line":121,"column":25}},"52":{"start":{"line":124,"column":4},"end":{"line":124,"column":35}},"53":{"start":{"line":128,"column":4},"end":{"line":128,"column":22}},"54":{"start":{"line":129,"column":27},"end":{"line":129,"column":57}},"55":{"start":{"line":130,"column":27},"end":{"line":130,"column":60}},"56":{"start":{"line":131,"column":23},"end":{"line":131,"column":72}},"57":{"start":{"line":132,"column":4},"end":{"line":132,"column":23}},"58":{"start":{"line":133,"column":4},"end":{"line":133,"column":28}},"59":{"start":{"line":134,"column":4},"end":{"line":134,"column":28}},"60":{"start":{"line":136,"column":27},"end":{"line":139,"column":5}},"61":{"start":{"line":142,"column":22},"end":{"line":142,"column":65}},"62":{"start":{"line":143,"column":4},"end":{"line":143,"column":21}},"63":{"start":{"line":147,"column":4},"end":{"line":147,"column":22}},"64":{"start":{"line":148,"column":4},"end":{"line":148,"column":26}},"65":{"start":{"line":149,"column":4},"end":{"line":149,"column":25}},"66":{"start":{"line":152,"column":28},"end":{"line":152,"column":60}},"67":{"start":{"line":154,"column":4},"end":{"line":154,"column":58}},"68":{"start":{"line":157,"column":16},"end":{"line":188,"column":3}},"69":{"start":{"line":158,"column":4},"end":{"line":158,"column":22}},"70":{"start":{"line":159,"column":4},"end":{"line":159,"column":19}},"71":{"start":{"line":160,"column":27},"end":{"line":160,"column":56}},"72":{"start":{"line":161,"column":27},"end":{"line":161,"column":58}},"73":{"start":{"line":162,"column":23},"end":{"line":162,"column":72}},"74":{"start":{"line":164,"column":4},"end":{"line":169,"column":5}},"75":{"start":{"line":165,"column":6},"end":{"line":167,"column":8}},"76":{"start":{"line":168,"column":6},"end":{"line":168,"column":62}},"77":{"start":{"line":172,"column":19},"end":{"line":172,"column":78}},"78":{"start":{"line":175,"column":32},"end":{"line":175,"column":101}},"79":{"start":{"line":176,"column":4},"end":{"line":182,"column":5}},"80":{"start":{"line":177,"column":6},"end":{"line":181,"column":9}},"81":{"start":{"line":184,"column":4},"end":{"line":187,"column":5}},"82":{"start":{"line":185,"column":24},"end":{"line":185,"column":67}},"83":{"start":{"line":186,"column":6},"end":{"line":186,"column":23}},"84":{"start":{"line":190,"column":23},"end":{"line":195,"column":3}},"85":{"start":{"line":191,"column":4},"end":{"line":191,"column":53}},"86":{"start":{"line":193,"column":30},"end":{"line":193,"column":65}},"87":{"start":{"line":194,"column":4},"end":{"line":194,"column":40}},"88":{"start":{"line":206,"column":21},"end":{"line":206,"column":57}},"89":{"start":{"line":207,"column":4},"end":{"line":211,"column":7}},"90":{"start":{"line":216,"column":26},"end":{"line":216,"column":69}},"91":{"start":{"line":217,"column":18},"end":{"line":217,"column":56}},"92":{"start":{"line":222,"column":21},"end":{"line":222,"column":63}},"93":{"start":{"line":223,"column":15},"end":{"line":223,"column":53}},"94":{"start":{"line":224,"column":4},"end":{"line":231,"column":5}},"95":{"start":{"line":227,"column":6},"end":{"line":227,"column":39}},"96":{"start":{"line":230,"column":6},"end":{"line":230,"column":42}},"97":{"start":{"line":236,"column":4},"end":{"line":236,"column":39}},"98":{"start":{"line":237,"column":21},"end":{"line":237,"column":63}},"99":{"start":{"line":238,"column":15},"end":{"line":238,"column":53}},"100":{"start":{"line":239,"column":4},"end":{"line":239,"column":59}},"101":{"start":{"line":240,"column":4},"end":{"line":244,"column":5}},"102":{"start":{"line":241,"column":6},"end":{"line":241,"column":34}},"103":{"start":{"line":243,"column":6},"end":{"line":243,"column":18}},"104":{"start":{"line":256,"column":4},"end":{"line":256,"column":50}},"105":{"start":{"line":260,"column":4},"end":{"line":260,"column":71}},"106":{"start":{"line":264,"column":4},"end":{"line":267,"column":6}},"107":{"start":{"line":270,"column":23},"end":{"line":270,"column":47}},"108":{"start":{"line":271,"column":4},"end":{"line":271,"column":36}},"109":{"start":{"line":272,"column":4},"end":{"line":272,"column":61}},"110":{"start":{"line":274,"column":20},"end":{"line":274,"column":59}},"111":{"start":{"line":275,"column":4},"end":{"line":275,"column":46}},"112":{"start":{"line":277,"column":4},"end":{"line":277,"column":76}},"113":{"start":{"line":281,"column":2},"end":{"line":284,"column":3}},"114":{"start":{"line":282,"column":4},"end":{"line":282,"column":39}},"115":{"start":{"line":283,"column":4},"end":{"line":283,"column":25}},"116":{"start":{"line":285,"column":2},"end":{"line":285,"column":90}},"117":{"start":{"line":289,"column":2},"end":{"line":291,"column":3}},"118":{"start":{"line":290,"column":4},"end":{"line":290,"column":25}},"119":{"start":{"line":292,"column":2},"end":{"line":292,"column":21}},"120":{"start":{"line":296,"column":2},"end":{"line":296,"column":66}},"121":{"start":{"line":297,"column":2},"end":{"line":297,"column":29}},"122":{"start":{"line":301,"column":31},"end":{"line":313,"column":5}},"123":{"start":{"line":302,"column":19},"end":{"line":302,"column":39}},"124":{"start":{"line":303,"column":6},"end":{"line":308,"column":8}},"125":{"start":{"line":309,"column":6},"end":{"line":309,"column":34}},"126":{"start":{"line":312,"column":6},"end":{"line":312,"column":57}},"127":{"start":{"line":315,"column":4},"end":{"line":315,"column":82}},"128":{"start":{"line":330,"column":19},"end":{"line":348,"column":3}},"129":{"start":{"line":350,"column":21},"end":{"line":350,"column":23}},"130":{"start":{"line":352,"column":4},"end":{"line":373,"column":6}},"131":{"start":{"line":357,"column":8},"end":{"line":357,"column":30}},"132":{"start":{"line":359,"column":8},"end":{"line":359,"column":37}},"133":{"start":{"line":360,"column":8},"end":{"line":371,"column":9}},"134":{"start":{"line":361,"column":10},"end":{"line":361,"column":57}},"135":{"start":{"line":362,"column":10},"end":{"line":370,"column":11}},"136":{"start":{"line":363,"column":35},"end":{"line":363,"column":59}},"137":{"start":{"line":364,"column":12},"end":{"line":364,"column":65}},"138":{"start":{"line":365,"column":12},"end":{"line":365,"column":34}},"139":{"start":{"line":367,"column":12},"end":{"line":367,"column":38}},"140":{"start":{"line":368,"column":12},"end":{"line":368,"column":65}},"141":{"start":{"line":369,"column":12},"end":{"line":369,"column":24}},"142":{"start":{"line":378,"column":32},"end":{"line":378,"column":85}},"143":{"start":{"line":379,"column":4},"end":{"line":385,"column":5}},"144":{"start":{"line":380,"column":6},"end":{"line":384,"column":9}},"145":{"start":{"line":392,"column":18},"end":{"line":392,"column":55}},"146":{"start":{"line":393,"column":4},"end":{"line":393,"column":36}},"147":{"start":{"line":394,"column":4},"end":{"line":394,"column":19}},"148":{"start":{"line":399,"column":6},"end":{"line":403,"column":10}},"149":{"start":{"line":404,"column":4},"end":{"line":404,"column":19}},"150":{"start":{"line":408,"column":4},"end":{"line":408,"column":70}},"151":{"start":{"line":413,"column":14},"end":{"line":413,"column":72}},"152":{"start":{"line":413,"column":51},"end":{"line":413,"column":71}},"153":{"start":{"line":414,"column":4},"end":{"line":415,"column":5}},"154":{"start":{"line":416,"column":4},"end":{"line":416,"column":19}},"155":{"start":{"line":420,"column":4},"end":{"line":420,"column":60}},"156":{"start":{"line":422,"column":6},"end":{"line":422,"column":73}},"157":{"start":{"line":423,"column":4},"end":{"line":423,"column":9}},"158":{"start":{"line":424,"column":15},"end":{"line":424,"column":19}},"159":{"start":{"line":425,"column":34},"end":{"line":429,"column":5}},"160":{"start":{"line":426,"column":6},"end":{"line":426,"column":50}},"161":{"start":{"line":427,"column":6},"end":{"line":427,"column":48}},"162":{"start":{"line":428,"column":6},"end":{"line":428,"column":45}},"163":{"start":{"line":432,"column":4},"end":{"line":434,"column":5}},"164":{"start":{"line":433,"column":6},"end":{"line":433,"column":46}},"165":{"start":{"line":436,"column":4},"end":{"line":437,"column":74}},"166":{"start":{"line":439,"column":4},"end":{"line":439,"column":19}},"167":{"start":{"line":444,"column":0},"end":{"line":444,"column":31}}},"fnMap":{"0":{"name":"(anonymous_0)","decl":{"start":{"line":7,"column":2},"end":{"line":7,"column":3}},"loc":{"start":{"line":7,"column":18},"end":{"line":32,"column":3}},"line":7},"1":{"name":"(anonymous_1)","decl":{"start":{"line":34,"column":2},"end":{"line":34,"column":3}},"loc":{"start":{"line":34,"column":9},"end":{"line":40,"column":3}},"line":34},"2":{"name":"(anonymous_2)","decl":{"start":{"line":36,"column":29},"end":{"line":36,"column":30}},"loc":{"start":{"line":36,"column":41},"end":{"line":39,"column":5}},"line":36},"3":{"name":"(anonymous_3)","decl":{"start":{"line":42,"column":2},"end":{"line":42,"column":3}},"loc":{"start":{"line":42,"column":16},"end":{"line":49,"column":3}},"line":42},"4":{"name":"(anonymous_4)","decl":{"start":{"line":51,"column":2},"end":{"line":51,"column":3}},"loc":{"start":{"line":51,"column":27},"end":{"line":78,"column":3}},"line":51},"5":{"name":"(anonymous_5)","decl":{"start":{"line":52,"column":30},"end":{"line":52,"column":31}},"loc":{"start":{"line":53,"column":6},"end":{"line":53,"column":43}},"line":53},"6":{"name":"(anonymous_6)","decl":{"start":{"line":55,"column":33},"end":{"line":55,"column":34}},"loc":{"start":{"line":56,"column":6},"end":{"line":56,"column":46}},"line":56},"7":{"name":"(anonymous_7)","decl":{"start":{"line":59,"column":28},"end":{"line":59,"column":29}},"loc":{"start":{"line":59,"column":43},"end":{"line":59,"column":76}},"line":59},"8":{"name":"(anonymous_8)","decl":{"start":{"line":60,"column":33},"end":{"line":60,"column":34}},"loc":{"start":{"line":61,"column":6},"end":{"line":61,"column":43}},"line":61},"9":{"name":"(anonymous_9)","decl":{"start":{"line":63,"column":33},"end":{"line":63,"column":34}},"loc":{"start":{"line":63,"column":51},"end":{"line":66,"column":5}},"line":63},"10":{"name":"(anonymous_10)","decl":{"start":{"line":68,"column":36},"end":{"line":68,"column":37}},"loc":{"start":{"line":69,"column":6},"end":{"line":69,"column":42}},"line":69},"11":{"name":"(anonymous_11)","decl":{"start":{"line":71,"column":34},"end":{"line":71,"column":35}},"loc":{"start":{"line":72,"column":6},"end":{"line":72,"column":40}},"line":72},"12":{"name":"(anonymous_12)","decl":{"start":{"line":74,"column":26},"end":{"line":74,"column":27}},"loc":{"start":{"line":74,"column":36},"end":{"line":74,"column":66}},"line":74},"13":{"name":"(anonymous_13)","decl":{"start":{"line":75,"column":34},"end":{"line":75,"column":35}},"loc":{"start":{"line":76,"column":6},"end":{"line":76,"column":43}},"line":76},"14":{"name":"(anonymous_14)","decl":{"start":{"line":79,"column":2},"end":{"line":79,"column":3}},"loc":{"start":{"line":79,"column":61},"end":{"line":84,"column":3}},"line":79},"15":{"name":"(anonymous_15)","decl":{"start":{"line":89,"column":2},"end":{"line":89,"column":3}},"loc":{"start":{"line":89,"column":34},"end":{"line":91,"column":3}},"line":89},"16":{"name":"(anonymous_16)","decl":{"start":{"line":93,"column":2},"end":{"line":93,"column":3}},"loc":{"start":{"line":93,"column":37},"end":{"line":95,"column":3}},"line":93},"17":{"name":"(anonymous_17)","decl":{"start":{"line":97,"column":2},"end":{"line":97,"column":3}},"loc":{"start":{"line":97,"column":41},"end":{"line":100,"column":3}},"line":97},"18":{"name":"(anonymous_18)","decl":{"start":{"line":102,"column":2},"end":{"line":102,"column":3}},"loc":{"start":{"line":102,"column":43},"end":{"line":105,"column":3}},"line":102},"19":{"name":"(anonymous_19)","decl":{"start":{"line":107,"column":2},"end":{"line":107,"column":3}},"loc":{"start":{"line":107,"column":26},"end":{"line":125,"column":3}},"line":107},"20":{"name":"(anonymous_20)","decl":{"start":{"line":112,"column":6},"end":{"line":112,"column":7}},"loc":{"start":{"line":112,"column":15},"end":{"line":114,"column":7}},"line":112},"21":{"name":"(anonymous_21)","decl":{"start":{"line":120,"column":6},"end":{"line":120,"column":7}},"loc":{"start":{"line":120,"column":15},"end":{"line":122,"column":7}},"line":120},"22":{"name":"(anonymous_22)","decl":{"start":{"line":127,"column":2},"end":{"line":127,"column":3}},"loc":{"start":{"line":127,"column":40},"end":{"line":144,"column":3}},"line":127},"23":{"name":"(anonymous_23)","decl":{"start":{"line":146,"column":2},"end":{"line":146,"column":3}},"loc":{"start":{"line":146,"column":38},"end":{"line":155,"column":3}},"line":146},"24":{"name":"(anonymous_24)","decl":{"start":{"line":157,"column":16},"end":{"line":157,"column":17}},"loc":{"start":{"line":157,"column":40},"end":{"line":188,"column":3}},"line":157},"25":{"name":"(anonymous_25)","decl":{"start":{"line":190,"column":23},"end":{"line":190,"column":24}},"loc":{"start":{"line":190,"column":47},"end":{"line":195,"column":3}},"line":190},"26":{"name":"(anonymous_26)","decl":{"start":{"line":205,"column":2},"end":{"line":205,"column":3}},"loc":{"start":{"line":205,"column":46},"end":{"line":212,"column":3}},"line":205},"27":{"name":"(anonymous_27)","decl":{"start":{"line":215,"column":2},"end":{"line":215,"column":3}},"loc":{"start":{"line":215,"column":39},"end":{"line":218,"column":3}},"line":215},"28":{"name":"(anonymous_28)","decl":{"start":{"line":221,"column":2},"end":{"line":221,"column":3}},"loc":{"start":{"line":221,"column":46},"end":{"line":232,"column":3}},"line":221},"29":{"name":"(anonymous_29)","decl":{"start":{"line":235,"column":2},"end":{"line":235,"column":3}},"loc":{"start":{"line":235,"column":34},"end":{"line":245,"column":3}},"line":235},"30":{"name":"(anonymous_30)","decl":{"start":{"line":255,"column":2},"end":{"line":255,"column":3}},"loc":{"start":{"line":255,"column":23},"end":{"line":257,"column":3}},"line":255},"31":{"name":"(anonymous_31)","decl":{"start":{"line":259,"column":2},"end":{"line":259,"column":3}},"loc":{"start":{"line":259,"column":30},"end":{"line":261,"column":3}},"line":259},"32":{"name":"(anonymous_32)","decl":{"start":{"line":263,"column":2},"end":{"line":263,"column":3}},"loc":{"start":{"line":263,"column":35},"end":{"line":268,"column":3}},"line":263},"33":{"name":"(anonymous_33)","decl":{"start":{"line":269,"column":2},"end":{"line":269,"column":3}},"loc":{"start":{"line":269,"column":55},"end":{"line":278,"column":3}},"line":269},"34":{"name":"(anonymous_34)","decl":{"start":{"line":280,"column":1},"end":{"line":280,"column":2}},"loc":{"start":{"line":280,"column":21},"end":{"line":286,"column":1}},"line":280},"35":{"name":"(anonymous_35)","decl":{"start":{"line":288,"column":0},"end":{"line":288,"column":1}},"loc":{"start":{"line":288,"column":22},"end":{"line":293,"column":1}},"line":288},"36":{"name":"(anonymous_36)","decl":{"start":{"line":295,"column":0},"end":{"line":295,"column":1}},"loc":{"start":{"line":295,"column":47},"end":{"line":298,"column":1}},"line":295},"37":{"name":"(anonymous_37)","decl":{"start":{"line":300,"column":2},"end":{"line":300,"column":3}},"loc":{"start":{"line":300,"column":57},"end":{"line":316,"column":3}},"line":300},"38":{"name":"(anonymous_38)","decl":{"start":{"line":301,"column":31},"end":{"line":301,"column":32}},"loc":{"start":{"line":301,"column":45},"end":{"line":313,"column":5}},"line":301},"39":{"name":"(anonymous_39)","decl":{"start":{"line":319,"column":2},"end":{"line":319,"column":3}},"loc":{"start":{"line":319,"column":48},"end":{"line":374,"column":3}},"line":319},"40":{"name":"(anonymous_40)","decl":{"start":{"line":356,"column":6},"end":{"line":356,"column":7}},"loc":{"start":{"line":356,"column":15},"end":{"line":372,"column":7}},"line":356},"41":{"name":"(anonymous_41)","decl":{"start":{"line":377,"column":2},"end":{"line":377,"column":3}},"loc":{"start":{"line":377,"column":43},"end":{"line":386,"column":3}},"line":377},"42":{"name":"(anonymous_42)","decl":{"start":{"line":391,"column":2},"end":{"line":391,"column":3}},"loc":{"start":{"line":391,"column":32},"end":{"line":395,"column":3}},"line":391},"43":{"name":"(anonymous_43)","decl":{"start":{"line":397,"column":2},"end":{"line":397,"column":3}},"loc":{"start":{"line":397,"column":27},"end":{"line":405,"column":3}},"line":397},"44":{"name":"(anonymous_44)","decl":{"start":{"line":407,"column":2},"end":{"line":407,"column":3}},"loc":{"start":{"line":407,"column":30},"end":{"line":409,"column":3}},"line":407},"45":{"name":"(anonymous_45)","decl":{"start":{"line":412,"column":2},"end":{"line":412,"column":3}},"loc":{"start":{"line":412,"column":35},"end":{"line":417,"column":3}},"line":412},"46":{"name":"(anonymous_46)","decl":{"start":{"line":413,"column":44},"end":{"line":413,"column":45}},"loc":{"start":{"line":413,"column":51},"end":{"line":413,"column":71}},"line":413},"47":{"name":"(anonymous_47)","decl":{"start":{"line":419,"column":2},"end":{"line":419,"column":3}},"loc":{"start":{"line":419,"column":47},"end":{"line":440,"column":3}},"line":419},"48":{"name":"(anonymous_48)","decl":{"start":{"line":425,"column":34},"end":{"line":425,"column":35}},"loc":{"start":{"line":425,"column":46},"end":{"line":429,"column":5}},"line":425}},"branchMap":{"0":{"loc":{"start":{"line":80,"column":4},"end":{"line":83,"column":5}},"type":"if","locations":[{"start":{"line":80,"column":4},"end":{"line":83,"column":5}},{"start":{},"end":{}}],"line":80},"1":{"loc":{"start":{"line":164,"column":4},"end":{"line":169,"column":5}},"type":"if","locations":[{"start":{"line":164,"column":4},"end":{"line":169,"column":5}},{"start":{},"end":{}}],"line":164},"2":{"loc":{"start":{"line":176,"column":4},"end":{"line":182,"column":5}},"type":"if","locations":[{"start":{"line":176,"column":4},"end":{"line":182,"column":5}},{"start":{},"end":{}}],"line":176},"3":{"loc":{"start":{"line":184,"column":4},"end":{"line":187,"column":5}},"type":"if","locations":[{"start":{"line":184,"column":4},"end":{"line":187,"column":5}},{"start":{},"end":{}}],"line":184},"4":{"loc":{"start":{"line":224,"column":4},"end":{"line":231,"column":5}},"type":"if","locations":[{"start":{"line":224,"column":4},"end":{"line":231,"column":5}},{"start":{"line":228,"column":11},"end":{"line":231,"column":5}}],"line":224},"5":{"loc":{"start":{"line":236,"column":17},"end":{"line":236,"column":38}},"type":"binary-expr","locations":[{"start":{"line":236,"column":17},"end":{"line":236,"column":27}},{"start":{"line":236,"column":31},"end":{"line":236,"column":38}}],"line":236},"6":{"loc":{"start":{"line":240,"column":4},"end":{"line":244,"column":5}},"type":"if","locations":[{"start":{"line":240,"column":4},"end":{"line":244,"column":5}},{"start":{"line":242,"column":11},"end":{"line":244,"column":5}}],"line":240},"7":{"loc":{"start":{"line":269,"column":35},"end":{"line":269,"column":53}},"type":"default-arg","locations":[{"start":{"line":269,"column":49},"end":{"line":269,"column":53}}],"line":269},"8":{"loc":{"start":{"line":281,"column":2},"end":{"line":284,"column":3}},"type":"if","locations":[{"start":{"line":281,"column":2},"end":{"line":284,"column":3}},{"start":{},"end":{}}],"line":281},"9":{"loc":{"start":{"line":285,"column":9},"end":{"line":285,"column":89}},"type":"cond-expr","locations":[{"start":{"line":285,"column":33},"end":{"line":285,"column":84}},{"start":{"line":285,"column":87},"end":{"line":285,"column":89}}],"line":285},"10":{"loc":{"start":{"line":289,"column":2},"end":{"line":291,"column":3}},"type":"if","locations":[{"start":{"line":289,"column":2},"end":{"line":291,"column":3}},{"start":{},"end":{}}],"line":289},"11":{"loc":{"start":{"line":360,"column":8},"end":{"line":371,"column":9}},"type":"if","locations":[{"start":{"line":360,"column":8},"end":{"line":371,"column":9}},{"start":{},"end":{}}],"line":360},"12":{"loc":{"start":{"line":379,"column":4},"end":{"line":385,"column":5}},"type":"if","locations":[{"start":{"line":379,"column":4},"end":{"line":385,"column":5}},{"start":{},"end":{}}],"line":379},"13":{"loc":{"start":{"line":414,"column":4},"end":{"line":415,"column":5}},"type":"if","locations":[{"start":{"line":414,"column":4},"end":{"line":415,"column":5}},{"start":{},"end":{}}],"line":414},"14":{"loc":{"start":{"line":420,"column":15},"end":{"line":420,"column":59}},"type":"binary-expr","locations":[{"start":{"line":420,"column":15},"end":{"line":420,"column":23}},{"start":{"line":420,"column":27},"end":{"line":420,"column":59}}],"line":420},"15":{"loc":{"start":{"line":432,"column":4},"end":{"line":434,"column":5}},"type":"if","locations":[{"start":{"line":432,"column":4},"end":{"line":434,"column":5}},{"start":{},"end":{}}],"line":432}},"s":{"0":1,"1":1,"2":1,"3":1,"4":2,"5":2,"6":2,"7":2,"8":2,"9":2,"10":2,"11":2,"12":2,"13":2,"14":0,"15":0,"16":0,"17":0,"18":0,"19":0,"20":0,"21":0,"22":0,"23":0,"24":0,"25":0,"26":0,"27":0,"28":0,"29":0,"30":0,"31":0,"32":0,"33":0,"34":0,"35":0,"36":0,"37":0,"38":0,"39":0,"40":0,"41":0,"42":0,"43":0,"44":0,"45":0,"46":0,"47":0,"48":0,"49":0,"50":0,"51":0,"52":0,"53":0,"54":0,"55":0,"56":0,"57":0,"58":0,"59":0,"60":0,"61":0,"62":0,"63":0,"64":0,"65":0,"66":0,"67":0,"68":2,"69":0,"70":0,"71":0,"72":0,"73":0,"74":0,"75":0,"76":0,"77":0,"78":0,"79":0,"80":0,"81":0,"82":0,"83":0,"84":2,"85":0,"86":0,"87":0,"88":1,"89":1,"90":0,"91":0,"92":0,"93":0,"94":0,"95":0,"96":0,"97":0,"98":0,"99":0,"100":0,"101":0,"102":0,"103":0,"104":0,"105":0,"106":0,"107":0,"108":0,"109":0,"110":0,"111":0,"112":0,"113":0,"114":0,"115":0,"116":0,"117":0,"118":0,"119":0,"120":0,"121":0,"122":0,"123":0,"124":0,"125":0,"126":0,"127":0,"128":0,"129":0,"130":0,"131":0,"132":0,"133":0,"134":0,"135":0,"136":0,"137":0,"138":0,"139":0,"140":0,"141":0,"142":0,"143":0,"144":0,"145":0,"146":0,"147":0,"148":0,"149":0,"150":0,"151":0,"152":0,"153":0,"154":0,"155":0,"156":0,"157":0,"158":0,"159":0,"160":0,"161":0,"162":0,"163":0,"164":0,"165":0,"166":0,"167":1},"f":{"0":2,"1":0,"2":0,"3":0,"4":0,"5":0,"6":0,"7":0,"8":0,"9":0,"10":0,"11":0,"12":0,"13":0,"14":0,"15":0,"16":0,"17":0,"18":0,"19":0,"20":0,"21":0,"22":0,"23":0,"24":0,"25":0,"26":1,"27":0,"28":0,"29":0,"30":0,"31":0,"32":0,"33":0,"34":0,"35":0,"36":0,"37":0,"38":0,"39":0,"40":0,"41":0,"42":0,"43":0,"44":0,"45":0,"46":0,"47":0,"48":0},"b":{"0":[0,0],"1":[0,0],"2":[0,0],"3":[0,0],"4":[0,0],"5":[0,0],"6":[0,0],"7":[0],"8":[0,0],"9":[0,0],"10":[0,0],"11":[0,0],"12":[0,0],"13":[0,0],"14":[0,0],"15":[0,0]},"_coverageSchema":"1a1c01bbd47fc00a2c39e90264f33305004495a9","hash":"e1ea0a33a936ac5862ec0dda6e2c2433557dbc7d"}
}
