TN:
SF:server\IslandTemplateServer.js
FN:57,(anonymous_0)
FN:264,(anonymous_1)
FNF:2
FNH:0
FNDA:0,(anonymous_0)
FNDA:0,(anonymous_1)
DA:1,1
DA:58,0
DA:1691,1
LF:3
LH:2
BRDA:64,0,0,0
BRDA:64,0,1,0
BRDA:65,1,0,0
BRDA:65,1,1,0
BRF:4
BRH:0
end_of_record
TN:
SF:server\controllers\ConversationManager.js
FN:2,(anonymous_0)
FN:8,(anonymous_1)
FN:22,(anonymous_2)
FN:26,(anonymous_3)
FN:30,(anonymous_4)
FN:40,(anonymous_5)
FN:42,(anonymous_6)
FN:45,(anonymous_7)
FN:47,(anonymous_8)
FN:52,(anonymous_9)
FN:54,(anonymous_10)
FN:60,(anonymous_11)
FN:67,(anonymous_12)
FN:69,(anonymous_13)
FN:71,(anonymous_14)
FN:78,(anonymous_15)
FN:79,(anonymous_16)
FN:88,(anonymous_17)
FN:89,(anonymous_18)
FN:90,(anonymous_19)
FN:91,(anonymous_20)
FN:92,(anonymous_21)
FN:97,(anonymous_22)
FN:109,(anonymous_23)
FNF:24
FNH:20
FNDA:11,(anonymous_0)
FNDA:11,(anonymous_1)
FNDA:2,(anonymous_2)
FNDA:1,(anonymous_3)
FNDA:27,(anonymous_4)
FNDA:1,(anonymous_5)
FNDA:3,(anonymous_6)
FNDA:0,(anonymous_7)
FNDA:4,(anonymous_8)
FNDA:1,(anonymous_9)
FNDA:2,(anonymous_10)
FNDA:30,(anonymous_11)
FNDA:0,(anonymous_12)
FNDA:0,(anonymous_13)
FNDA:0,(anonymous_14)
FNDA:1,(anonymous_15)
FNDA:1,(anonymous_16)
FNDA:1,(anonymous_17)
FNDA:1,(anonymous_18)
FNDA:2,(anonymous_19)
FNDA:3,(anonymous_20)
FNDA:9,(anonymous_21)
FNDA:1,(anonymous_22)
FNDA:1,(anonymous_23)
DA:3,11
DA:4,11
DA:5,11
DA:9,11
DA:10,11
DA:16,11
DA:17,11
DA:19,11
DA:23,2
DA:27,1
DA:31,27
DA:32,27
DA:33,27
DA:41,1
DA:42,1
DA:43,3
DA:44,3
DA:45,0
DA:47,4
DA:51,1
DA:52,1
DA:54,2
DA:61,30
DA:62,30
DA:64,0
DA:68,0
DA:69,0
DA:70,0
DA:71,0
DA:72,0
DA:74,0
DA:79,1
DA:80,1
DA:81,1
DA:82,1
DA:83,1
DA:85,0
DA:89,1
DA:90,1
DA:91,2
DA:92,9
DA:98,1
DA:99,1
DA:101,1
DA:102,1
DA:103,1
DA:110,1
DA:111,1
DA:115,2
LF:49
LH:40
BRDA:14,0,0,11
BRDA:14,0,1,9
BRDA:32,1,0,27
BRDA:32,1,1,0
BRDA:40,2,0,1
BRDA:40,3,0,1
BRDA:40,4,0,1
BRDA:44,5,0,0
BRDA:44,5,1,3
BRDA:45,6,0,0
BRDA:45,6,1,0
BRDA:61,7,0,30
BRDA:61,7,1,0
BRDA:61,8,0,30
BRDA:61,8,1,30
BRDA:71,9,0,0
BRDA:71,9,1,0
BRDA:80,10,0,1
BRDA:80,10,1,0
BRDA:97,11,0,0
BRDA:97,12,0,0
BRDA:99,13,0,0
BRDA:99,13,1,1
BRDA:111,14,0,1
BRDA:111,14,1,0
BRF:25
BRH:13
end_of_record
TN:
SF:server\controllers\WorldActionLog.js
FN:2,(anonymous_0)
FN:6,(anonymous_1)
FN:10,(anonymous_2)
FN:16,(anonymous_3)
FNF:4
FNH:4
FNDA:5,(anonymous_0)
FNDA:1,(anonymous_1)
FNDA:3,(anonymous_2)
FNDA:1,(anonymous_3)
DA:3,5
DA:7,1
DA:11,3
DA:12,3
DA:17,1
DA:18,1
DA:19,1
DA:23,2
LF:8
LH:8
BRF:0
BRH:0
end_of_record
TN:
SF:server\controllers\sockets\SocketManager.js
FN:7,(anonymous_0)
FN:34,(anonymous_1)
FN:36,(anonymous_2)
FN:42,(anonymous_3)
FN:51,(anonymous_4)
FN:52,(anonymous_5)
FN:55,(anonymous_6)
FN:59,(anonymous_7)
FN:60,(anonymous_8)
FN:63,(anonymous_9)
FN:68,(anonymous_10)
FN:71,(anonymous_11)
FN:74,(anonymous_12)
FN:75,(anonymous_13)
FN:79,(anonymous_14)
FN:89,(anonymous_15)
FN:93,(anonymous_16)
FN:97,(anonymous_17)
FN:102,(anonymous_18)
FN:107,(anonymous_19)
FN:112,(anonymous_20)
FN:120,(anonymous_21)
FN:127,(anonymous_22)
FN:146,(anonymous_23)
FN:157,(anonymous_24)
FN:190,(anonymous_25)
FN:205,(anonymous_26)
FN:215,(anonymous_27)
FN:221,(anonymous_28)
FN:235,(anonymous_29)
FN:255,(anonymous_30)
FN:259,(anonymous_31)
FN:263,(anonymous_32)
FN:269,(anonymous_33)
FN:280,(anonymous_34)
FN:288,(anonymous_35)
FN:295,(anonymous_36)
FN:300,(anonymous_37)
FN:301,(anonymous_38)
FN:319,(anonymous_39)
FN:356,(anonymous_40)
FN:377,(anonymous_41)
FN:391,(anonymous_42)
FN:397,(anonymous_43)
FN:407,(anonymous_44)
FN:412,(anonymous_45)
FN:413,(anonymous_46)
FN:419,(anonymous_47)
FN:425,(anonymous_48)
FNF:49
FNH:2
FNDA:2,(anonymous_0)
FNDA:0,(anonymous_1)
FNDA:0,(anonymous_2)
FNDA:0,(anonymous_3)
FNDA:0,(anonymous_4)
FNDA:0,(anonymous_5)
FNDA:0,(anonymous_6)
FNDA:0,(anonymous_7)
FNDA:0,(anonymous_8)
FNDA:0,(anonymous_9)
FNDA:0,(anonymous_10)
FNDA:0,(anonymous_11)
FNDA:0,(anonymous_12)
FNDA:0,(anonymous_13)
FNDA:0,(anonymous_14)
FNDA:0,(anonymous_15)
FNDA:0,(anonymous_16)
FNDA:0,(anonymous_17)
FNDA:0,(anonymous_18)
FNDA:0,(anonymous_19)
FNDA:0,(anonymous_20)
FNDA:0,(anonymous_21)
FNDA:0,(anonymous_22)
FNDA:0,(anonymous_23)
FNDA:0,(anonymous_24)
FNDA:0,(anonymous_25)
FNDA:1,(anonymous_26)
FNDA:0,(anonymous_27)
FNDA:0,(anonymous_28)
FNDA:0,(anonymous_29)
FNDA:0,(anonymous_30)
FNDA:0,(anonymous_31)
FNDA:0,(anonymous_32)
FNDA:0,(anonymous_33)
FNDA:0,(anonymous_34)
FNDA:0,(anonymous_35)
FNDA:0,(anonymous_36)
FNDA:0,(anonymous_37)
FNDA:0,(anonymous_38)
FNDA:0,(anonymous_39)
FNDA:0,(anonymous_40)
FNDA:0,(anonymous_41)
FNDA:0,(anonymous_42)
FNDA:0,(anonymous_43)
FNDA:0,(anonymous_44)
FNDA:0,(anonymous_45)
FNDA:0,(anonymous_46)
FNDA:0,(anonymous_47)
FNDA:0,(anonymous_48)
DA:1,1
DA:2,1
DA:3,1
DA:4,1
DA:8,2
DA:9,2
DA:10,2
DA:11,2
DA:12,2
DA:13,2
DA:14,2
DA:15,2
DA:16,2
DA:31,2
DA:35,0
DA:36,0
DA:37,0
DA:38,0
DA:43,0
DA:44,0
DA:52,0
DA:53,0
DA:55,0
DA:56,0
DA:59,0
DA:60,0
DA:61,0
DA:63,0
DA:64,0
DA:65,0
DA:68,0
DA:69,0
DA:71,0
DA:72,0
DA:74,0
DA:75,0
DA:76,0
DA:80,0
DA:81,0
DA:82,0
DA:90,0
DA:94,0
DA:98,0
DA:99,0
DA:103,0
DA:104,0
DA:108,0
DA:113,0
DA:116,0
DA:121,0
DA:124,0
DA:128,0
DA:129,0
DA:130,0
DA:131,0
DA:132,0
DA:133,0
DA:134,0
DA:136,0
DA:142,0
DA:143,0
DA:147,0
DA:148,0
DA:149,0
DA:152,0
DA:154,0
DA:157,2
DA:158,0
DA:159,0
DA:160,0
DA:161,0
DA:162,0
DA:164,0
DA:165,0
DA:168,0
DA:172,0
DA:175,0
DA:176,0
DA:177,0
DA:184,0
DA:185,0
DA:186,0
DA:190,2
DA:191,0
DA:193,0
DA:194,0
DA:206,1
DA:207,1
DA:216,0
DA:217,0
DA:222,0
DA:223,0
DA:224,0
DA:227,0
DA:230,0
DA:236,0
DA:237,0
DA:238,0
DA:239,0
DA:240,0
DA:241,0
DA:243,0
DA:256,0
DA:260,0
DA:264,0
DA:270,0
DA:271,0
DA:272,0
DA:274,0
DA:275,0
DA:277,0
DA:281,0
DA:282,0
DA:283,0
DA:285,0
DA:289,0
DA:290,0
DA:292,0
DA:296,0
DA:297,0
DA:301,0
DA:302,0
DA:303,0
DA:309,0
DA:312,0
DA:315,0
DA:330,0
DA:350,0
DA:352,0
DA:357,0
DA:359,0
DA:360,0
DA:361,0
DA:362,0
DA:363,0
DA:364,0
DA:365,0
DA:367,0
DA:368,0
DA:369,0
DA:378,0
DA:379,0
DA:380,0
DA:392,0
DA:393,0
DA:394,0
DA:399,0
DA:404,0
DA:408,0
DA:413,0
DA:414,0
DA:416,0
DA:420,0
DA:422,0
DA:423,0
DA:424,0
DA:425,0
DA:426,0
DA:427,0
DA:428,0
DA:432,0
DA:433,0
DA:436,0
DA:439,0
DA:444,1
LF:165
LH:19
BRDA:80,0,0,0
BRDA:80,0,1,0
BRDA:164,1,0,0
BRDA:164,1,1,0
BRDA:176,2,0,0
BRDA:176,2,1,0
BRDA:184,3,0,0
BRDA:184,3,1,0
BRDA:224,4,0,0
BRDA:224,4,1,0
BRDA:236,5,0,0
BRDA:236,5,1,0
BRDA:240,6,0,0
BRDA:240,6,1,0
BRDA:269,7,0,0
BRDA:281,8,0,0
BRDA:281,8,1,0
BRDA:285,9,0,0
BRDA:285,9,1,0
BRDA:289,10,0,0
BRDA:289,10,1,0
BRDA:360,11,0,0
BRDA:360,11,1,0
BRDA:379,12,0,0
BRDA:379,12,1,0
BRDA:414,13,0,0
BRDA:414,13,1,0
BRDA:420,14,0,0
BRDA:420,14,1,0
BRDA:432,15,0,0
BRDA:432,15,1,0
BRF:31
BRH:0
end_of_record
